<?xml version="1.0" encoding="UTF-8"?>
<testng-results ignored="0" total="3" passed="3" failed="0" skipped="0">
  <reporter-output>
  </reporter-output>
  <suite started-at="2024-09-22T13:44:14 IST" name="Default suite" finished-at="2024-09-22T13:44:25 IST" duration-ms="10991">
    <groups>
      <group name="cucumber">
        <method signature="AbstractTestNGCucumberTests.runScenario(io.cucumber.testng.PickleWrapper,io.cucumber.testng.FeatureWrapper)[pri:0, instance:sauceRunner.ProductpageRunner@5e0e82ae]" name="runScenario" class="io.cucumber.testng.AbstractTestNGCucumberTests"/>
      </group> <!-- cucumber -->
    </groups>
    <test started-at="2024-09-22T13:44:14 IST" name="Default test" finished-at="2024-09-22T13:44:25 IST" duration-ms="10991">
      <class name="sauceRunner.ProductpageRunner">
        <test-method is-config="true" signature="setUpClass(org.testng.ITestContext)[pri:0, instance:sauceRunner.ProductpageRunner@5e0e82ae]" started-at="2024-09-22T13:44:14 IST" name="setUpClass" finished-at="2024-09-22T13:44:15 IST" duration-ms="621" status="PASS">
          <params>
            <param index="0">
              <value>
                <![CDATA[org.testng.TestRunner@ac20bb4]]>
              </value>
            </param>
          </params>
          <reporter-output>
          </reporter-output>
        </test-method> <!-- setUpClass -->
        <test-method signature="runScenario(io.cucumber.testng.PickleWrapper,io.cucumber.testng.FeatureWrapper)[pri:0, instance:sauceRunner.ProductpageRunner@5e0e82ae]" started-at="2024-09-22T13:44:15 IST" name="runScenario" description="Runs Cucumber Scenarios" data-provider="scenarios" finished-at="2024-09-22T13:44:19 IST" duration-ms="3788" status="PASS">
          <params>
            <param index="0">
              <value>
                <![CDATA["Verify product visibility"]]>
              </value>
            </param>
            <param index="1">
              <value>
                <![CDATA["To verify product page functionality"]]>
              </value>
            </param>
          </params>
          <reporter-output>
          </reporter-output>
        </test-method> <!-- runScenario -->
        <test-method signature="runScenario(io.cucumber.testng.PickleWrapper,io.cucumber.testng.FeatureWrapper)[pri:0, instance:sauceRunner.ProductpageRunner@5e0e82ae]" started-at="2024-09-22T13:44:19 IST" name="runScenario" description="Runs Cucumber Scenarios" data-provider="scenarios" finished-at="2024-09-22T13:44:22 IST" duration-ms="3006" status="PASS">
          <params>
            <param index="0">
              <value>
                <![CDATA["Verify product details"]]>
              </value>
            </param>
            <param index="1">
              <value>
                <![CDATA["To verify product page functionality"]]>
              </value>
            </param>
          </params>
          <reporter-output>
          </reporter-output>
        </test-method> <!-- runScenario -->
        <test-method signature="runScenario(io.cucumber.testng.PickleWrapper,io.cucumber.testng.FeatureWrapper)[pri:0, instance:sauceRunner.ProductpageRunner@5e0e82ae]" started-at="2024-09-22T13:44:22 IST" name="runScenario" description="Runs Cucumber Scenarios" data-provider="scenarios" finished-at="2024-09-22T13:44:25 IST" duration-ms="3457" status="PASS">
          <params>
            <param index="0">
              <value>
                <![CDATA["Verify add to cart"]]>
              </value>
            </param>
            <param index="1">
              <value>
                <![CDATA["To verify product page functionality"]]>
              </value>
            </param>
          </params>
          <reporter-output>
          </reporter-output>
        </test-method> <!-- runScenario -->
        <test-method is-config="true" signature="tearDownClass()[pri:0, instance:sauceRunner.ProductpageRunner@5e0e82ae]" started-at="2024-09-22T13:44:25 IST" name="tearDownClass" finished-at="2024-09-22T13:44:25 IST" duration-ms="58" status="PASS">
          <reporter-output>
          </reporter-output>
        </test-method> <!-- tearDownClass -->
      </class> <!-- sauceRunner.ProductpageRunner -->
    </test> <!-- Default test -->
  </suite> <!-- Default suite -->
</testng-results>
